[21:20:07] [ServerMain/INFO]: Building unoptimized datafixer
[21:20:08] [ServerMain/INFO]: Environment: authHost='https://authserver.mojang.com', accountsHost='https://api.mojang.com', sessionHost='https://sessionserver.mojang.com', servicesHost='https://api.minecraftservices.com', name='PROD'
[21:20:11] [ServerMain/INFO]: Loaded 7 recipes
[21:20:12] [ServerMain/INFO]: Loaded 1179 advancements
[21:20:13] [Server thread/INFO]: Starting minecraft server version 1.19
[21:20:13] [Server thread/INFO]: Loading properties
[21:20:13] [Server thread/INFO]: Default game type: SURVIVAL
[21:20:13] [Server thread/INFO]: Generating keypair
[21:20:13] [Server thread/INFO]: Starting Minecraft server on *:25565
[21:20:13] [Server thread/INFO]: Using epoll channel type
[21:20:14] [Server thread/WARN]: **** SERVER IS RUNNING IN OFFLINE/INSECURE MODE!
[21:20:14] [Server thread/WARN]: The server will make no attempt to authenticate usernames. Beware.
[21:20:14] [Server thread/WARN]: While this makes the game possible to play without internet access, it also opens up the ability for hackers to connect with any username they choose.
[21:20:14] [Server thread/WARN]: To change this, set "online-mode" to "true" in the server.properties file.
[21:20:14] [Server thread/INFO]: Preparing level "world"
[21:20:32] [Server thread/INFO]: Preparing start region for dimension minecraft:overworld
[21:20:34] [Worker-Main-1/INFO]: Preparing spawn area: 0%
[21:20:34] [Worker-Main-1/INFO]: Preparing spawn area: 0%
[21:20:34] [Worker-Main-1/INFO]: Preparing spawn area: 0%
[21:20:34] [Worker-Main-1/INFO]: Preparing spawn area: 0%
[21:20:34] [Worker-Main-1/INFO]: Preparing spawn area: 0%
[21:20:35] [Worker-Main-1/INFO]: Preparing spawn area: 0%
[21:20:35] [Worker-Main-1/INFO]: Preparing spawn area: 0%
[21:20:36] [Worker-Main-1/INFO]: Preparing spawn area: 0%
[21:20:36] [Worker-Main-1/INFO]: Preparing spawn area: 0%
[21:20:37] [Worker-Main-1/INFO]: Preparing spawn area: 0%
[21:20:37] [Worker-Main-1/INFO]: Preparing spawn area: 0%
[21:20:38] [Worker-Main-1/INFO]: Preparing spawn area: 0%
[21:20:38] [Worker-Main-1/INFO]: Preparing spawn area: 0%
[21:20:39] [Worker-Main-1/INFO]: Preparing spawn area: 0%
[21:20:39] [Worker-Main-1/INFO]: Preparing spawn area: 0%
[21:20:40] [Worker-Main-1/INFO]: Preparing spawn area: 0%
[21:20:40] [Worker-Main-1/INFO]: Preparing spawn area: 0%
[21:20:41] [Worker-Main-1/INFO]: Preparing spawn area: 0%
[21:20:41] [Worker-Main-1/INFO]: Preparing spawn area: 0%
[21:20:42] [Worker-Main-1/INFO]: Preparing spawn area: 0%
[21:20:42] [Worker-Main-1/INFO]: Preparing spawn area: 0%
[21:20:43] [Worker-Main-1/INFO]: Preparing spawn area: 0%
[21:20:43] [Worker-Main-1/INFO]: Preparing spawn area: 0%
[21:20:44] [Worker-Main-1/INFO]: Preparing spawn area: 0%
[21:20:44] [Worker-Main-1/INFO]: Preparing spawn area: 0%
[21:20:45] [Worker-Main-1/INFO]: Preparing spawn area: 0%
[21:20:45] [Worker-Main-1/INFO]: Preparing spawn area: 0%
[21:20:46] [Worker-Main-1/INFO]: Preparing spawn area: 0%
[21:20:46] [Worker-Main-1/INFO]: Preparing spawn area: 0%
[21:20:47] [Worker-Main-1/INFO]: Preparing spawn area: 0%
[21:20:47] [Worker-Main-1/INFO]: Preparing spawn area: 0%
[21:20:48] [Worker-Main-1/INFO]: Preparing spawn area: 0%
[21:20:48] [Worker-Main-1/INFO]: Preparing spawn area: 0%
[21:20:49] [Worker-Main-1/INFO]: Preparing spawn area: 0%
[21:20:49] [Worker-Main-1/INFO]: Preparing spawn area: 0%
[21:20:50] [Worker-Main-1/INFO]: Preparing spawn area: 0%
[21:20:50] [Worker-Main-1/INFO]: Preparing spawn area: 0%
[21:20:51] [Worker-Main-1/INFO]: Preparing spawn area: 0%
[21:20:51] [Worker-Main-1/INFO]: Preparing spawn area: 0%
[21:20:52] [Worker-Main-1/INFO]: Preparing spawn area: 0%
[21:20:52] [Worker-Main-1/INFO]: Preparing spawn area: 0%
[21:20:53] [Worker-Main-1/INFO]: Preparing spawn area: 0%
[21:20:53] [Worker-Main-1/INFO]: Preparing spawn area: 0%
[21:20:54] [Worker-Main-1/INFO]: Preparing spawn area: 0%
[21:20:54] [Worker-Main-1/INFO]: Preparing spawn area: 0%
[21:20:55] [Worker-Main-1/INFO]: Preparing spawn area: 0%
[21:20:55] [Worker-Main-1/INFO]: Preparing spawn area: 0%
[21:20:56] [Worker-Main-1/INFO]: Preparing spawn area: 0%
[21:20:56] [Worker-Main-1/INFO]: Preparing spawn area: 0%
[21:20:57] [Worker-Main-1/INFO]: Preparing spawn area: 0%
[21:20:57] [Worker-Main-1/INFO]: Preparing spawn area: 0%
[21:20:58] [Worker-Main-1/INFO]: Preparing spawn area: 0%
[21:20:58] [Worker-Main-1/INFO]: Preparing spawn area: 0%
[21:20:59] [Worker-Main-1/INFO]: Preparing spawn area: 0%
[21:20:59] [Worker-Main-1/INFO]: Preparing spawn area: 0%
[21:21:00] [Worker-Main-1/INFO]: Preparing spawn area: 0%
[21:21:00] [Worker-Main-1/INFO]: Preparing spawn area: 0%
[21:21:01] [Worker-Main-1/INFO]: Preparing spawn area: 0%
[21:21:01] [Worker-Main-1/INFO]: Preparing spawn area: 0%
[21:21:02] [Worker-Main-1/INFO]: Preparing spawn area: 0%
[21:21:02] [Worker-Main-1/INFO]: Preparing spawn area: 0%
[21:21:03] [Worker-Main-1/INFO]: Preparing spawn area: 0%
[21:21:03] [Worker-Main-1/INFO]: Preparing spawn area: 0%
[21:21:04] [Worker-Main-1/INFO]: Preparing spawn area: 0%
[21:21:04] [Worker-Main-1/INFO]: Preparing spawn area: 0%
[21:21:05] [Worker-Main-1/INFO]: Preparing spawn area: 0%
[21:21:05] [Worker-Main-1/INFO]: Preparing spawn area: 0%
[21:21:06] [Worker-Main-1/INFO]: Preparing spawn area: 0%
[21:21:06] [Worker-Main-1/INFO]: Preparing spawn area: 0%
[21:21:07] [Worker-Main-1/INFO]: Preparing spawn area: 0%
[21:21:07] [Worker-Main-1/INFO]: Preparing spawn area: 0%
[21:21:08] [Worker-Main-1/INFO]: Preparing spawn area: 0%
[21:21:08] [Worker-Main-1/INFO]: Preparing spawn area: 0%
[21:21:09] [Worker-Main-1/INFO]: Preparing spawn area: 0%
[21:21:09] [Worker-Main-1/INFO]: Preparing spawn area: 0%
[21:21:10] [Worker-Main-1/INFO]: Preparing spawn area: 0%
[21:21:10] [Worker-Main-1/INFO]: Preparing spawn area: 0%
[21:21:11] [Worker-Main-1/INFO]: Preparing spawn area: 0%
[21:21:11] [Worker-Main-1/INFO]: Preparing spawn area: 0%
[21:21:12] [Worker-Main-1/INFO]: Preparing spawn area: 0%
[21:21:12] [Worker-Main-1/INFO]: Preparing spawn area: 0%
[21:21:13] [Worker-Main-1/INFO]: Preparing spawn area: 0%
[21:21:13] [Worker-Main-1/INFO]: Preparing spawn area: 0%
[21:21:14] [Worker-Main-1/INFO]: Preparing spawn area: 0%
[21:21:14] [Worker-Main-1/INFO]: Preparing spawn area: 0%
[21:21:15] [Worker-Main-1/INFO]: Preparing spawn area: 0%
[21:21:15] [Worker-Main-1/INFO]: Preparing spawn area: 0%
[21:21:16] [Worker-Main-1/INFO]: Preparing spawn area: 0%
[21:21:16] [Worker-Main-1/INFO]: Preparing spawn area: 0%
[21:21:17] [Worker-Main-1/INFO]: Preparing spawn area: 0%
[21:21:17] [Worker-Main-1/INFO]: Preparing spawn area: 0%
[21:21:18] [Worker-Main-1/INFO]: Preparing spawn area: 0%
[21:21:18] [Worker-Main-1/INFO]: Preparing spawn area: 0%
[21:21:19] [Worker-Main-1/INFO]: Preparing spawn area: 0%
[21:21:19] [Worker-Main-1/INFO]: Preparing spawn area: 0%
[21:21:20] [Worker-Main-1/INFO]: Preparing spawn area: 0%
[21:21:20] [Worker-Main-1/INFO]: Preparing spawn area: 0%
[21:21:21] [Worker-Main-1/INFO]: Preparing spawn area: 0%
[21:21:21] [Worker-Main-1/INFO]: Preparing spawn area: 0%
[21:21:22] [Worker-Main-1/INFO]: Preparing spawn area: 0%
[21:21:22] [Worker-Main-1/INFO]: Preparing spawn area: 2%
[21:21:24] [Worker-Main-1/INFO]: Preparing spawn area: 5%
[21:21:24] [Worker-Main-1/INFO]: Preparing spawn area: 5%
[21:21:24] [Worker-Main-1/INFO]: Preparing spawn area: 15%
[21:21:25] [Worker-Main-1/INFO]: Preparing spawn area: 22%
[21:21:25] [Worker-Main-1/INFO]: Preparing spawn area: 22%
[21:21:25] [Worker-Main-1/INFO]: Preparing spawn area: 22%
[21:21:26] [Worker-Main-1/INFO]: Preparing spawn area: 42%
[21:21:27] [Worker-Main-1/INFO]: Preparing spawn area: 48%
[21:21:27] [Worker-Main-1/INFO]: Preparing spawn area: 48%
[21:21:28] [Worker-Main-1/INFO]: Preparing spawn area: 63%
[21:21:28] [Worker-Main-1/INFO]: Preparing spawn area: 63%
[21:21:29] [Worker-Main-1/INFO]: Preparing spawn area: 71%
[21:21:29] [Worker-Main-1/INFO]: Preparing spawn area: 71%
[21:21:30] [Worker-Main-1/INFO]: Preparing spawn area: 82%
[21:21:30] [Worker-Main-1/INFO]: Preparing spawn area: 82%
[21:21:31] [Worker-Main-1/INFO]: Preparing spawn area: 91%
[21:21:32] [Server thread/INFO]: Time elapsed: 59575 ms
[21:21:32] [Server thread/INFO]: Done (78.271s)! For help, type "help"
[21:21:32] [Server thread/INFO]: Unknown or incomplete command, see below for error
[21:21:32] [Server thread/INFO]: home/codespace/.python/current/bin/python3 /workspaces/100flor------/msx.py<--[HERE]
[21:24:39] [Server thread/INFO]: Stopping the server
[21:24:39] [Server thread/INFO]: Stopping server
[21:24:39] [Server thread/INFO]: Saving players
[21:24:39] [Server thread/INFO]: Saving worlds
[21:24:41] [Server thread/INFO]: Saving chunks for level 'ServerLevel[world]'/minecraft:overworld
[21:24:44] [Server thread/INFO]: Saving chunks for level 'ServerLevel[world]'/minecraft:the_nether
[21:24:44] [Server thread/INFO]: Saving chunks for level 'ServerLevel[world]'/minecraft:the_end
[21:24:44] [Server thread/INFO]: ThreadedAnvilChunkStorage (world): All chunks are saved
[21:24:44] [Server thread/INFO]: ThreadedAnvilChunkStorage (DIM-1): All chunks are saved
[21:24:44] [Server thread/INFO]: ThreadedAnvilChunkStorage (DIM1): All chunks are saved
[21:24:44] [Server thread/INFO]: ThreadedAnvilChunkStorage: All dimensions are saved
